c:\users\asus\desktop\algor\dz3\x64\debug\dzdll.pdb
c:\users\asus\desktop\algor\dz3\x64\debug\dzdll.idb
c:\users\asus\desktop\algor\dz3\dzdll\x64\debug\triangle.obj
c:\users\asus\desktop\algor\dz3\dzdll\x64\debug\square.obj
c:\users\asus\desktop\algor\dz3\dzdll\x64\debug\righttriangle.obj
c:\users\asus\desktop\algor\dz3\dzdll\x64\debug\rhombus.obj
c:\users\asus\desktop\algor\dz3\dzdll\x64\debug\rectangle.obj
c:\users\asus\desktop\algor\dz3\dzdll\x64\debug\parallelogram.obj
c:\users\asus\desktop\algor\dz3\dzdll\x64\debug\isoscelestriangle.obj
c:\users\asus\desktop\algor\dz3\dzdll\x64\debug\quadrilateral.obj
c:\users\asus\desktop\algor\dz3\dzdll\x64\debug\equilateral_triangle.obj
c:\users\asus\desktop\algor\dz3\x64\debug\dzdll.lib
c:\users\asus\desktop\algor\dz3\x64\debug\dzdll.exe
c:\users\asus\desktop\algor\dz3\dzdll\x64\debug\dzdll.ilk
c:\users\asus\desktop\algor\dz3\dzdll\x64\debug\figure.obj
c:\users\asus\desktop\algor\dz3\dzdll\x64\debug\main.obj
c:\users\asus\desktop\algor\dz3\dzdll\x64\debug\vc143.idb
c:\users\asus\desktop\algor\dz3\dzdll\x64\debug\vc143.pdb
c:\users\asus\desktop\algor\dz3\dzdll\x64\debug\dzdll.tlog\cl.command.1.tlog
c:\users\asus\desktop\algor\dz3\dzdll\x64\debug\dzdll.tlog\cl.read.1.tlog
c:\users\asus\desktop\algor\dz3\dzdll\x64\debug\dzdll.tlog\cl.write.1.tlog
c:\users\asus\desktop\algor\dz3\dzdll\x64\debug\dzdll.tlog\lib-link.read.1.tlog
c:\users\asus\desktop\algor\dz3\dzdll\x64\debug\dzdll.tlog\lib-link.write.1.tlog
c:\users\asus\desktop\algor\dz3\dzdll\x64\debug\dzdll.tlog\lib.command.1.tlog
c:\users\asus\desktop\algor\dz3\dzdll\x64\debug\dzdll.tlog\link.command.1.tlog
c:\users\asus\desktop\algor\dz3\dzdll\x64\debug\dzdll.tlog\link.read.1.tlog
c:\users\asus\desktop\algor\dz3\dzdll\x64\debug\dzdll.tlog\link.write.1.tlog
